<?xml version="1.0" encoding="UTF-8"?>
<coverage generated="1531856721221" clover="3.2.0">
  <project timestamp="1531856721221" name="All files">
    <metrics statements="163" coveredstatements="162" conditionals="128" coveredconditionals="109" methods="53" coveredmethods="52" elements="344" coveredelements="323" complexity="0" loc="163" ncloc="163" packages="5" files="11" classes="11">
      <package name="auth">
        <metrics statements="51" coveredstatements="51" conditionals="37" coveredconditionals="25" methods="17" coveredmethods="17"/>
        <file name="auth0Error.js" path="/Users/lbalmaceda/NodeJS/react-native-auth0/auth/auth0Error.js">
          <metrics statements="6" coveredstatements="6" conditionals="6" coveredconditionals="5" methods="1" coveredmethods="1"/>
          <line num="5" count="2" type="cond" truecount="1" falsecount="0"/>
          <line num="6" count="2" type="stmt"/>
          <line num="7" count="2" type="cond" truecount="4" falsecount="1"/>
          <line num="8" count="2" type="stmt"/>
          <line num="9" count="2" type="stmt"/>
          <line num="10" count="2" type="stmt"/>
        </file>
        <file name="authError.js" path="/Users/lbalmaceda/NodeJS/react-native-auth0/auth/authError.js">
          <metrics statements="5" coveredstatements="5" conditionals="6" coveredconditionals="5" methods="1" coveredmethods="1"/>
          <line num="5" count="12" type="cond" truecount="1" falsecount="0"/>
          <line num="6" count="12" type="stmt"/>
          <line num="7" count="12" type="cond" truecount="4" falsecount="1"/>
          <line num="8" count="12" type="stmt"/>
          <line num="9" count="12" type="stmt"/>
        </file>
        <file name="index.js" path="/Users/lbalmaceda/NodeJS/react-native-auth0/auth/index.js">
          <metrics statements="40" coveredstatements="40" conditionals="25" coveredconditionals="15" methods="15" coveredmethods="15"/>
          <line num="8" count="17" type="cond" truecount="4" falsecount="0"/>
          <line num="9" count="9" type="stmt"/>
          <line num="11" count="8" type="stmt"/>
          <line num="23" count="4" type="stmt"/>
          <line num="24" count="3" type="stmt"/>
          <line num="25" count="3" type="cond" truecount="2" falsecount="0"/>
          <line num="26" count="1" type="stmt"/>
          <line num="28" count="2" type="stmt"/>
          <line num="29" count="2" type="stmt"/>
          <line num="45" count="2" type="stmt"/>
          <line num="53" count="2" type="stmt"/>
          <line num="69" count="3" type="stmt"/>
          <line num="76" count="3" type="stmt"/>
          <line num="92" count="4" type="stmt"/>
          <line num="99" count="4" type="stmt"/>
          <line num="119" count="4" type="stmt"/>
          <line num="128" count="4" type="stmt"/>
          <line num="148" count="4" type="stmt"/>
          <line num="154" count="4" type="stmt"/>
          <line num="173" count="4" type="stmt"/>
          <line num="178" count="4" type="stmt"/>
          <line num="184" count="4" type="cond" truecount="2" falsecount="0"/>
          <line num="185" count="2" type="stmt"/>
          <line num="187" count="2" type="stmt"/>
          <line num="201" count="5" type="stmt"/>
          <line num="206" count="5" type="stmt"/>
          <line num="207" count="5" type="stmt"/>
          <line num="208" count="5" type="stmt"/>
          <line num="209" count="5" type="stmt"/>
          <line num="211" count="5" type="stmt"/>
          <line num="225" count="4" type="stmt"/>
          <line num="231" count="4" type="stmt"/>
          <line num="237" count="4" type="cond" truecount="2" falsecount="0"/>
          <line num="238" count="2" type="stmt"/>
          <line num="240" count="2" type="stmt"/>
          <line num="258" count="6" type="stmt"/>
          <line num="268" count="6" type="stmt"/>
          <line num="274" count="6" type="cond" truecount="4" falsecount="0"/>
          <line num="275" count="4" type="stmt"/>
          <line num="277" count="2" type="stmt"/>
        </file>
      </package>
      <package name="management">
        <metrics statements="19" coveredstatements="19" conditionals="16" coveredconditionals="11" methods="7" coveredmethods="7"/>
        <file name="error.js" path="/Users/lbalmaceda/NodeJS/react-native-auth0/management/error.js">
          <metrics statements="6" coveredstatements="6" conditionals="6" coveredconditionals="5" methods="1" coveredmethods="1"/>
          <line num="5" count="4" type="cond" truecount="1" falsecount="0"/>
          <line num="6" count="4" type="stmt"/>
          <line num="7" count="4" type="cond" truecount="4" falsecount="1"/>
          <line num="8" count="4" type="stmt"/>
          <line num="9" count="4" type="stmt"/>
          <line num="10" count="4" type="stmt"/>
        </file>
        <file name="users.js" path="/Users/lbalmaceda/NodeJS/react-native-auth0/management/users.js">
          <metrics statements="13" coveredstatements="13" conditionals="10" coveredconditionals="6" methods="6" coveredmethods="6"/>
          <line num="7" count="8" type="cond" truecount="4" falsecount="0"/>
          <line num="8" count="4" type="stmt"/>
          <line num="10" count="4" type="stmt"/>
          <line num="13" count="1" type="stmt"/>
          <line num="35" count="4" type="stmt"/>
          <line num="36" count="3" type="cond" truecount="2" falsecount="0"/>
          <line num="37" count="1" type="stmt"/>
          <line num="52" count="4" type="stmt"/>
          <line num="57" count="4" type="stmt"/>
          <line num="59" count="4" type="stmt"/>
          <line num="74" count="4" type="stmt"/>
          <line num="80" count="4" type="stmt"/>
          <line num="82" count="4" type="stmt"/>
        </file>
      </package>
      <package name="networking">
        <metrics statements="36" coveredstatements="35" conditionals="29" coveredconditionals="29" methods="12" coveredmethods="11"/>
        <file name="index.js" path="/Users/lbalmaceda/NodeJS/react-native-auth0/networking/index.js">
          <metrics statements="35" coveredstatements="34" conditionals="29" coveredconditionals="29" methods="12" coveredmethods="11"/>
          <line num="7" count="21" type="cond" truecount="1" falsecount="0"/>
          <line num="8" count="20" type="cond" truecount="2" falsecount="0"/>
          <line num="13" count="18" type="stmt"/>
          <line num="14" count="18" type="stmt"/>
          <line num="15" count="18" type="cond" truecount="2" falsecount="0"/>
          <line num="16" count="1" type="stmt"/>
          <line num="18" count="18" type="stmt"/>
          <line num="19" count="18" type="cond" truecount="4" falsecount="0"/>
          <line num="20" count="18" type="cond" truecount="2" falsecount="0"/>
          <line num="21" count="18" type="cond" truecount="2" falsecount="0"/>
          <line num="22" count="10" type="stmt"/>
          <line num="27" count="31" type="stmt"/>
          <line num="31" count="9" type="stmt"/>
          <line num="35" count="14" type="stmt"/>
          <line num="39" count="62" type="stmt"/>
          <line num="40" count="62" type="cond" truecount="5" falsecount="0"/>
          <line num="41" count="11" type="stmt"/>
          <line num="42" count="11" type="cond" truecount="2" falsecount="0"/>
          <line num="43" count="11" type="cond" truecount="2" falsecount="0"/>
          <line num="44" count="4" type="stmt"/>
          <line num="46" count="11" type="stmt"/>
          <line num="48" count="62" type="stmt"/>
          <line num="52" count="54" type="stmt"/>
          <line num="60" count="54" type="cond" truecount="2" falsecount="0"/>
          <line num="61" count="28" type="stmt"/>
          <line num="63" count="54" type="cond" truecount="2" falsecount="0"/>
          <line num="64" count="38" type="stmt"/>
          <line num="66" count="54" type="stmt"/>
          <line num="68" count="51" type="stmt"/>
          <line num="69" count="51" type="stmt"/>
          <line num="71" count="35" type="stmt"/>
          <line num="74" count="16" type="stmt"/>
          <line num="76" count="0" type="stmt"/>
          <line num="79" count="16" type="stmt"/>
          <line num="86" count="58" type="stmt"/>
        </file>
        <file name="telemetry.js" path="/Users/lbalmaceda/NodeJS/react-native-auth0/networking/telemetry.js">
          <metrics statements="1" coveredstatements="1" conditionals="0" coveredconditionals="0" methods="0" coveredmethods="0"/>
          <line num="2" count="4" type="stmt"/>
        </file>
      </package>
      <package name="utils">
        <metrics statements="38" coveredstatements="38" conditionals="37" coveredconditionals="36" methods="10" coveredmethods="10"/>
        <file name="baseError.js" path="/Users/lbalmaceda/NodeJS/react-native-auth0/utils/baseError.js">
          <metrics statements="5" coveredstatements="5" conditionals="2" coveredconditionals="1" methods="1" coveredmethods="1"/>
          <line num="3" count="19" type="stmt"/>
          <line num="4" count="19" type="cond" truecount="1" falsecount="1"/>
          <line num="5" count="19" type="stmt"/>
          <line num="7" count="19" type="stmt"/>
          <line num="8" count="19" type="stmt"/>
        </file>
        <file name="camel.js" path="/Users/lbalmaceda/NodeJS/react-native-auth0/utils/camel.js">
          <metrics statements="12" coveredstatements="12" conditionals="17" coveredconditionals="17" methods="4" coveredmethods="4"/>
          <line num="2" count="87" type="stmt"/>
          <line num="3" count="87" type="stmt"/>
          <line num="4" count="46" type="stmt"/>
          <line num="9" count="76" type="cond" truecount="5" falsecount="0"/>
          <line num="10" count="59" type="stmt"/>
          <line num="13" count="17" type="cond" truecount="3" falsecount="0"/>
          <line num="15" count="17" type="stmt"/>
          <line num="16" count="131" type="stmt"/>
          <line num="17" count="131" type="cond" truecount="6" falsecount="0"/>
          <line num="18" count="131" type="cond" truecount="2" falsecount="0"/>
          <line num="19" count="131" type="stmt"/>
          <line num="23" count="2" type="stmt"/>
        </file>
        <file name="whitelist.js" path="/Users/lbalmaceda/NodeJS/react-native-auth0/utils/whitelist.js">
          <metrics statements="21" coveredstatements="21" conditionals="18" coveredconditionals="18" methods="5" coveredmethods="5"/>
          <line num="5" count="1" type="stmt"/>
          <line num="6" count="1" type="stmt"/>
          <line num="7" count="1" type="stmt"/>
          <line num="8" count="1" type="stmt"/>
          <line num="13" count="51" type="cond" truecount="2" falsecount="0"/>
          <line num="14" count="51" type="stmt"/>
          <line num="15" count="51" type="stmt"/>
          <line num="17" count="142" type="stmt"/>
          <line num="18" count="88" type="cond" truecount="2" falsecount="0"/>
          <line num="19" count="51" type="stmt"/>
          <line num="20" count="122" type="stmt"/>
          <line num="21" count="122" type="cond" truecount="2" falsecount="0"/>
          <line num="22" count="122" type="stmt"/>
          <line num="23" count="122" type="cond" truecount="4" falsecount="0"/>
          <line num="24" count="108" type="cond" truecount="2" falsecount="0"/>
          <line num="25" count="14" type="cond" truecount="4" falsecount="0"/>
          <line num="26" count="2" type="stmt"/>
          <line num="29" count="88" type="stmt"/>
          <line num="30" count="51" type="cond" truecount="2" falsecount="0"/>
          <line num="31" count="1" type="stmt"/>
          <line num="33" count="50" type="stmt"/>
        </file>
      </package>
      <package name="webauth">
        <metrics statements="19" coveredstatements="19" conditionals="9" coveredconditionals="8" methods="7" coveredmethods="7"/>
        <file name="agent.js" path="/Users/lbalmaceda/NodeJS/react-native-auth0/webauth/agent.js">
          <metrics statements="19" coveredstatements="19" conditionals="9" coveredconditionals="8" methods="7" coveredmethods="7"/>
          <line num="9" count="8" type="cond" truecount="2" falsecount="0"/>
          <line num="10" count="1" type="stmt"/>
          <line num="13" count="7" type="stmt"/>
          <line num="14" count="7" type="stmt"/>
          <line num="15" count="4" type="stmt"/>
          <line num="16" count="4" type="stmt"/>
          <line num="17" count="4" type="stmt"/>
          <line num="19" count="7" type="stmt"/>
          <line num="20" count="7" type="stmt"/>
          <line num="21" count="3" type="stmt"/>
          <line num="22" count="3" type="cond" truecount="2" falsecount="0"/>
          <line num="23" count="2" type="stmt"/>
          <line num="24" count="1" type="cond" truecount="1" falsecount="1"/>
          <line num="25" count="1" type="stmt"/>
          <line num="32" count="2" type="cond" truecount="2" falsecount="0"/>
          <line num="33" count="1" type="stmt"/>
          <line num="36" count="1" type="stmt"/>
          <line num="37" count="1" type="stmt"/>
          <line num="38" count="1" type="stmt"/>
        </file>
      </package>
    </metrics>
  </project>
</coverage>
